<?xml version="1.0" encoding="UTF-8"?>
<!-- Generated by org.testng.reporters.JUnitReportReporter -->
<testsuite hostname="SELIIWDPOSST232" name="AdminUI.StepDef_AdminUI" tests="1" failures="0" timestamp="28 Feb 2018 05:02:36 GMT" time="9.077" errors="0">
  <testcase name="open_Chrome_and_start_application_and_naviagte_to_adminUI_URL" time="9.077" classname="AdminUI.StepDef_AdminUI"/>
</testsuite> <!-- AdminUI.StepDef_AdminUI -->
